<?xml version="1.0" encoding="UTF-8"?>
<testng-results ignored="0" total="1" passed="1" failed="0" skipped="0">
  <reporter-output>
  </reporter-output>
  <suite started-at="2025-06-24T22:26:00 EDT" name="Default suite" finished-at="2025-06-24T22:26:23 EDT" duration-ms="22635">
    <groups>
      <group name="cucumber">
        <method signature="AbstractTestNGCucumberTests.runScenario(io.cucumber.testng.PickleWrapper,io.cucumber.testng.FeatureWrapper)[pri:0, instance:automationexercise_TestRunner.TestRunner_TestNG@762ef0ea]" name="runScenario" class="io.cucumber.testng.AbstractTestNGCucumberTests"/>
      </group> <!-- cucumber -->
    </groups>
    <test started-at="2025-06-24T22:26:00 EDT" name="Default test" finished-at="2025-06-24T22:26:23 EDT" duration-ms="22635">
      <class name="automationexercise_TestRunner.TestRunner_TestNG">
        <test-method is-config="true" signature="setUpClass(org.testng.ITestContext)[pri:0, instance:automationexercise_TestRunner.TestRunner_TestNG@762ef0ea]" started-at="2025-06-24T22:26:00 EDT" name="setUpClass" finished-at="2025-06-24T22:26:01 EDT" duration-ms="953" status="PASS">
          <params>
            <param index="0">
              <value>
                <![CDATA[org.testng.TestRunner@21280cbb]]>
              </value>
            </param>
          </params>
          <reporter-output>
          </reporter-output>
        </test-method> <!-- setUpClass -->
        <test-method signature="runScenario(io.cucumber.testng.PickleWrapper,io.cucumber.testng.FeatureWrapper)[pri:0, instance:automationexercise_TestRunner.TestRunner_TestNG@762ef0ea]" started-at="2025-06-24T22:26:01 EDT" name="runScenario" description="Runs Cucumber Scenarios" data-provider="scenarios" finished-at="2025-06-24T22:26:19 EDT" duration-ms="17583" status="PASS">
          <params>
            <param index="0">
              <value>
                <![CDATA["New User Registration"]]>
              </value>
            </param>
            <param index="1">
              <value>
                <![CDATA["To register a new user"]]>
              </value>
            </param>
          </params>
          <reporter-output>
          </reporter-output>
        </test-method> <!-- runScenario -->
        <test-method is-config="true" signature="tearDownClass()[pri:0, instance:automationexercise_TestRunner.TestRunner_TestNG@762ef0ea]" started-at="2025-06-24T22:26:19 EDT" name="tearDownClass" finished-at="2025-06-24T22:26:23 EDT" duration-ms="4045" status="PASS">
          <reporter-output>
          </reporter-output>
        </test-method> <!-- tearDownClass -->
      </class> <!-- automationexercise_TestRunner.TestRunner_TestNG -->
    </test> <!-- Default test -->
  </suite> <!-- Default suite -->
</testng-results>
